Determining if the pthread_create exist failed with the following output:
Change Dir: /tmp/tmp.lojG6PrtMh/cmake-build-debug-remote-host/CMakeFiles/CMakeTmp

Run Build Command:"/usr/bin/make" "cmTC_6f704/fast"
/usr/bin/make -f CMakeFiles/cmTC_6f704.dir/build.make CMakeFiles/cmTC_6f704.dir/build
make[1]: Entering directory '/tmp/tmp.lojG6PrtMh/cmake-build-debug-remote-host/CMakeFiles/CMakeTmp'
Building C object CMakeFiles/cmTC_6f704.dir/CheckSymbolExists.c.o
/usr/bin/cc    -o CMakeFiles/cmTC_6f704.dir/CheckSymbolExists.c.o   -c /tmp/tmp.lojG6PrtMh/cmake-build-debug-remote-host/CMakeFiles/CMakeTmp/CheckSymbolExists.c
Linking C executable cmTC_6f704
/usr/bin/cmake -E cmake_link_script CMakeFiles/cmTC_6f704.dir/link.txt --verbose=1
/usr/bin/cc      CMakeFiles/cmTC_6f704.dir/CheckSymbolExists.c.o  -o cmTC_6f704 
/usr/bin/ld: CMakeFiles/cmTC_6f704.dir/CheckSymbolExists.c.o: in function `main':
CheckSymbolExists.c:(.text+0x38): undefined reference to `pthread_create'
collect2: error: ld returned 1 exit status
make[1]: *** [CMakeFiles/cmTC_6f704.dir/build.make:87: cmTC_6f704] Error 1
make[1]: Leaving directory '/tmp/tmp.lojG6PrtMh/cmake-build-debug-remote-host/CMakeFiles/CMakeTmp'
make: *** [Makefile:121: cmTC_6f704/fast] Error 2

File /tmp/tmp.lojG6PrtMh/cmake-build-debug-remote-host/CMakeFiles/CMakeTmp/CheckSymbolExists.c:
/* */
#include <pthread.h>

int main(int argc, char** argv)
{
  (void)argv;
#ifndef pthread_create
  return ((int*)(&pthread_create))[argc];
#else
  (void)argc;
  return 0;
#endif
}

Determining if the function pthread_create exists in the pthreads failed with the following output:
Change Dir: /tmp/tmp.lojG6PrtMh/cmake-build-debug-remote-host/CMakeFiles/CMakeTmp

Run Build Command:"/usr/bin/make" "cmTC_59799/fast"
/usr/bin/make -f CMakeFiles/cmTC_59799.dir/build.make CMakeFiles/cmTC_59799.dir/build
make[1]: Entering directory '/tmp/tmp.lojG6PrtMh/cmake-build-debug-remote-host/CMakeFiles/CMakeTmp'
Building C object CMakeFiles/cmTC_59799.dir/CheckFunctionExists.c.o
/usr/bin/cc   -DCHECK_FUNCTION_EXISTS=pthread_create   -o CMakeFiles/cmTC_59799.dir/CheckFunctionExists.c.o   -c /usr/share/cmake-3.13/Modules/CheckFunctionExists.c
Linking C executable cmTC_59799
/usr/bin/cmake -E cmake_link_script CMakeFiles/cmTC_59799.dir/link.txt --verbose=1
/usr/bin/cc  -DCHECK_FUNCTION_EXISTS=pthread_create    CMakeFiles/cmTC_59799.dir/CheckFunctionExists.c.o  -o cmTC_59799 -lpthreads 
/usr/bin/ld: cannot find -lpthreads
collect2: error: ld returned 1 exit status
make[1]: *** [CMakeFiles/cmTC_59799.dir/build.make:87: cmTC_59799] Error 1
make[1]: Leaving directory '/tmp/tmp.lojG6PrtMh/cmake-build-debug-remote-host/CMakeFiles/CMakeTmp'
make: *** [Makefile:121: cmTC_59799/fast] Error 2


